    1 N..... USE_LENGTH_UNITS(CANON_UNITS_MM)
    2 N..... SET_G5X_OFFSET(1, 0.0000, 0.0000, 0.0000, 0.0000, 0.0000, 0.0000)
    3 N..... SET_G92_OFFSET(0.0000, 0.0000, 0.0000, 0.0000, 0.0000, 0.0000)
    4 N..... SET_XY_ROTATION(0.0000)
    5 N..... SET_FEED_REFERENCE(CANON_XYZ)
    6 N099   COMMENT("This is a test plot nc program to be run on backplot")
    7 N100   COMMENT("Author Ray Henry 10-Feb-2000")
    8 N101   USE_LENGTH_UNITS(CANON_UNITS_INCHES)
    9 N102   SET_FEED_RATE(30.0000)
   10 N102   STRAIGHT_TRAVERSE(0.0000, 0.0000, 0.0000, 0.0000, 0.0000, 0.0000)
   11 N103   COMMENT("start xy circle")
   12 N103   STRAIGHT_TRAVERSE(1.0000, 1.0000, 0.0000, 0.0000, 0.0000, 0.0000)
   13 N104   SELECT_PLANE(CANON_PLANE_XY)
   14 N104   ARC_FEED(1.0000, 1.0000, 1.5000, 1.5000, -1, 0.0000, 0.0000, 0.0000, 0.0000)
   15 N106   COMMENT("add xy lettering")
   16 N106   STRAIGHT_TRAVERSE(1.0000, 1.0000, 0.1000, 0.0000, 0.0000, 0.0000)
   17 N107   STRAIGHT_TRAVERSE(1.0000, 1.7500, 0.1000, 0.0000, 0.0000, 0.0000)
   18 N108   STRAIGHT_TRAVERSE(1.0000, 1.7500, 0.0000, 0.0000, 0.0000, 0.0000)
   19 N109   STRAIGHT_FEED(1.4000, 1.2500, 0.0000, 0.0000, 0.0000, 0.0000)
   20 N110   STRAIGHT_FEED(1.2000, 1.5000, 0.0000, 0.0000, 0.0000, 0.0000)
   21 N111   STRAIGHT_FEED(1.0000, 1.2500, 0.0000, 0.0000, 0.0000, 0.0000)
   22 N112   STRAIGHT_FEED(1.4000, 1.7500, 0.0000, 0.0000, 0.0000, 0.0000)
   23 N113   STRAIGHT_TRAVERSE(1.4000, 1.7500, 0.1000, 0.0000, 0.0000, 0.0000)
   24 N114   STRAIGHT_TRAVERSE(1.6000, 1.7500, 0.1000, 0.0000, 0.0000, 0.0000)
   25 N115   STRAIGHT_TRAVERSE(1.6000, 1.7500, 0.0000, 0.0000, 0.0000, 0.0000)
   26 N116   STRAIGHT_FEED(1.8000, 1.5000, 0.0000, 0.0000, 0.0000, 0.0000)
   27 N117   STRAIGHT_FEED(2.0000, 1.7500, 0.0000, 0.0000, 0.0000, 0.0000)
   28 N118   STRAIGHT_FEED(1.8000, 1.5000, 0.0000, 0.0000, 0.0000, 0.0000)
   29 N119   STRAIGHT_FEED(1.8000, 1.2500, 0.0000, 0.0000, 0.0000, 0.0000)
   30 N120   STRAIGHT_TRAVERSE(0.0000, 0.0000, 0.0000, 0.0000, 0.0000, 0.0000)
   31 N121   COMMENT("start xz circle")
   32 N121   STRAIGHT_TRAVERSE(1.0000, 0.0000, 1.0000, 0.0000, 0.0000, 0.0000)
   33 N122   SELECT_PLANE(CANON_PLANE_XZ)
   34 N122   ARC_FEED(1.0000, 1.0000, 1.5000, 1.5000, -1, 0.0000, 0.0000, 0.0000, 0.0000)
   35 N124   COMMENT("add xz lettering")
   36 N124   STRAIGHT_TRAVERSE(1.0000, 0.1000, 1.0000, 0.0000, 0.0000, 0.0000)
   37 N125   STRAIGHT_TRAVERSE(1.0000, 0.1000, 1.7500, 0.0000, 0.0000, 0.0000)
   38 N126   STRAIGHT_TRAVERSE(1.0000, 0.0000, 1.7500, 0.0000, 0.0000, 0.0000)
   39 N127   STRAIGHT_FEED(1.4000, 0.0000, 1.2500, 0.0000, 0.0000, 0.0000)
   40 N128   STRAIGHT_FEED(1.2000, 0.0000, 1.5000, 0.0000, 0.0000, 0.0000)
   41 N129   STRAIGHT_FEED(1.0000, 0.0000, 1.2500, 0.0000, 0.0000, 0.0000)
   42 N130   STRAIGHT_FEED(1.4000, 0.0000, 1.7500, 0.0000, 0.0000, 0.0000)
   43 N131   STRAIGHT_TRAVERSE(1.4000, 0.1000, 1.7500, 0.0000, 0.0000, 0.0000)
   44 N132   STRAIGHT_TRAVERSE(1.6000, 0.1000, 1.7500, 0.0000, 0.0000, 0.0000)
   45 N133   STRAIGHT_TRAVERSE(1.6000, 0.0000, 1.7500, 0.0000, 0.0000, 0.0000)
   46 N134   STRAIGHT_FEED(2.0000, 0.0000, 1.7500, 0.0000, 0.0000, 0.0000)
   47 N135   STRAIGHT_FEED(1.6000, 0.0000, 1.2500, 0.0000, 0.0000, 0.0000)
   48 N136   STRAIGHT_FEED(2.0000, 0.0000, 1.2500, 0.0000, 0.0000, 0.0000)
   49 N137   STRAIGHT_TRAVERSE(0.0000, 0.0000, 0.0000, 0.0000, 0.0000, 0.0000)
   50 N138   COMMENT("start yz circle")
   51 N138   STRAIGHT_TRAVERSE(0.0000, 1.0000, 1.0000, 0.0000, 0.0000, 0.0000)
   52 N139   SELECT_PLANE(CANON_PLANE_YZ)
   53 N139   ARC_FEED(1.0000, 1.0000, 1.5000, 1.5000, -1, 0.0000, 0.0000, 0.0000, 0.0000)
   54 N141   COMMENT("add yz lettering")
   55 N141   STRAIGHT_TRAVERSE(0.1000, 1.0000, 1.0000, 0.0000, 0.0000, 0.0000)
   56 N142   STRAIGHT_TRAVERSE(0.1000, 1.0000, 1.7500, 0.0000, 0.0000, 0.0000)
   57 N143   STRAIGHT_TRAVERSE(0.0000, 1.0000, 1.7500, 0.0000, 0.0000, 0.0000)
   58 N144   STRAIGHT_FEED(0.0000, 1.2000, 1.5000, 0.0000, 0.0000, 0.0000)
   59 N145   STRAIGHT_FEED(0.0000, 1.4000, 1.7500, 0.0000, 0.0000, 0.0000)
   60 N146   STRAIGHT_FEED(0.0000, 1.2000, 1.5000, 0.0000, 0.0000, 0.0000)
   61 N147   STRAIGHT_FEED(0.0000, 1.2000, 1.2500, 0.0000, 0.0000, 0.0000)
   62 N148   STRAIGHT_TRAVERSE(0.1000, 1.2000, 1.2500, 0.0000, 0.0000, 0.0000)
   63 N149   STRAIGHT_TRAVERSE(0.1000, 1.6000, 1.7500, 0.0000, 0.0000, 0.0000)
   64 N150   STRAIGHT_TRAVERSE(0.0000, 1.6000, 1.7500, 0.0000, 0.0000, 0.0000)
   65 N151   STRAIGHT_FEED(0.0000, 2.0000, 1.7500, 0.0000, 0.0000, 0.0000)
   66 N152   STRAIGHT_FEED(0.0000, 1.6000, 1.2500, 0.0000, 0.0000, 0.0000)
   67 N153   STRAIGHT_FEED(0.0000, 2.0000, 1.2500, 0.0000, 0.0000, 0.0000)
   68 N154   STRAIGHT_TRAVERSE(0.0000, 0.0000, 0.0000, 0.0000, 0.0000, 0.0000)
   69 N155   SET_G5X_OFFSET(1, 0.0000, 0.0000, 0.0000, 0.0000, 0.0000, 0.0000)
   70 N155   SET_XY_ROTATION(0.0000)
   71 N155   SELECT_PLANE(CANON_PLANE_XY)
   72 N155   SET_FEED_MODE(0)
   73 N155   SET_FEED_RATE(0.0000)
   74 N155   STOP_SPINDLE_TURNING()
   75 N155   SET_SPINDLE_MODE(0.0000)
   76 N155   PROGRAM_END()
